D:\课件\C++\实验\EXPERIMENT\DEBUG\EXPERIMENT.EXE
D:\课件\C++\实验\EXPERIMENT\DEBUG\EXPERIMENT.ILK
D:\课件\C++\实验\EXPERIMENT\DEBUG\EXPERIMENT.PDB
D:\课件\C++\实验\EXPERIMENT\EXPERIMENT\DEBUG\CANVAS.OBJ
D:\课件\C++\实验\experiment\experiment\Debug\cl.command.1.tlog
D:\课件\C++\实验\experiment\experiment\Debug\CL.read.1.tlog
D:\课件\C++\实验\experiment\experiment\Debug\CL.write.1.tlog
D:\课件\C++\实验\EXPERIMENT\EXPERIMENT\DEBUG\EXPERIMENT.EXE.EMBED.MANIFEST
D:\课件\C++\实验\EXPERIMENT\EXPERIMENT\DEBUG\EXPERIMENT.EXE.EMBED.MANIFEST.RES
D:\课件\C++\实验\EXPERIMENT\EXPERIMENT\DEBUG\EXPERIMENT.EXE.INTERMEDIATE.MANIFEST
D:\课件\C++\实验\EXPERIMENT\EXPERIMENT\DEBUG\EXPERIMENT.OBJ
D:\课件\C++\实验\EXPERIMENT\EXPERIMENT\DEBUG\EXPERIMENT.PCH
D:\课件\C++\实验\EXPERIMENT\EXPERIMENT\DEBUG\EXPERIMENT.RES
D:\课件\C++\实验\experiment\experiment\Debug\experiment_manifest.rc
D:\课件\C++\实验\EXPERIMENT\EXPERIMENT\DEBUG\EXPERIMENTDLG.OBJ
D:\课件\C++\实验\experiment\experiment\Debug\link.3392.read.1.tlog
D:\课件\C++\实验\experiment\experiment\Debug\link.3392.write.1.tlog
D:\课件\C++\实验\experiment\experiment\Debug\link.3392-cvtres.read.1.tlog
D:\课件\C++\实验\experiment\experiment\Debug\link.3392-cvtres.write.1.tlog
D:\课件\C++\实验\experiment\experiment\Debug\link.3684.read.1.tlog
D:\课件\C++\实验\experiment\experiment\Debug\link.3684.write.1.tlog
D:\课件\C++\实验\experiment\experiment\Debug\link.3684-cvtres.read.1.tlog
D:\课件\C++\实验\experiment\experiment\Debug\link.3684-cvtres.write.1.tlog
D:\课件\C++\实验\experiment\experiment\Debug\link.3788.read.1.tlog
D:\课件\C++\实验\experiment\experiment\Debug\link.3788.write.1.tlog
D:\课件\C++\实验\experiment\experiment\Debug\link.3788-cvtres.read.1.tlog
D:\课件\C++\实验\experiment\experiment\Debug\link.3788-cvtres.write.1.tlog
D:\课件\C++\实验\experiment\experiment\Debug\link.4740.read.1.tlog
D:\课件\C++\实验\experiment\experiment\Debug\link.4740.write.1.tlog
D:\课件\C++\实验\experiment\experiment\Debug\link.4740-cvtres.read.1.tlog
D:\课件\C++\实验\experiment\experiment\Debug\link.4740-cvtres.write.1.tlog
D:\课件\C++\实验\experiment\experiment\Debug\link.command.1.tlog
D:\课件\C++\实验\experiment\experiment\Debug\link.read.1.tlog
D:\课件\C++\实验\experiment\experiment\Debug\link.write.1.tlog
D:\课件\C++\实验\experiment\experiment\Debug\link-cvtres.read.1.tlog
D:\课件\C++\实验\experiment\experiment\Debug\link-cvtres.write.1.tlog
D:\课件\C++\实验\EXPERIMENT\EXPERIMENT\DEBUG\LIST.OBJ
D:\课件\C++\实验\experiment\experiment\Debug\mt.command.1.tlog
D:\课件\C++\实验\experiment\experiment\Debug\mt.read.1.tlog
D:\课件\C++\实验\experiment\experiment\Debug\mt.write.1.tlog
D:\课件\C++\实验\experiment\experiment\Debug\rc.command.1.tlog
D:\课件\C++\实验\experiment\experiment\Debug\rc.read.1.tlog
D:\课件\C++\实验\experiment\experiment\Debug\rc.write.1.tlog
D:\课件\C++\实验\EXPERIMENT\EXPERIMENT\DEBUG\STDAFX.OBJ
D:\课件\C++\实验\experiment\experiment\Debug\vc100.idb
D:\课件\C++\实验\EXPERIMENT\EXPERIMENT\DEBUG\VC100.PDB
